<?xml version="1.0" encoding="UTF-8"?>
<coverage generated="1643815562944" clover="3.2.0">
  <project timestamp="1643815562944" name="All files">
    <metrics statements="15" coveredstatements="5" conditionals="4" coveredconditionals="2" methods="5" coveredmethods="1" elements="24" coveredelements="8" complexity="0" loc="15" ncloc="15" packages="1" files="1" classes="1"/>
    <file name="comments.js" path="C:\Users\guerreiropedr0\Documents\Microverse\pokeDB\src\modules\comments.js">
      <metrics statements="15" coveredstatements="5" conditionals="4" coveredconditionals="2" methods="5" coveredmethods="1"/>
      <line num="2" count="0" type="stmt"/>
      <line num="18" count="1" type="stmt"/>
      <line num="19" count="0" type="stmt"/>
      <line num="20" count="0" type="cond" truecount="0" falsecount="2"/>
      <line num="21" count="0" type="stmt"/>
      <line num="23" count="0" type="stmt"/>
      <line num="24" count="0" type="stmt"/>
      <line num="29" count="1" type="stmt"/>
      <line num="30" count="3" type="cond" truecount="2" falsecount="0"/>
      <line num="31" count="2" type="stmt"/>
      <line num="35" count="1" type="stmt"/>
      <line num="36" count="0" type="stmt"/>
      <line num="39" count="0" type="stmt"/>
      <line num="40" count="0" type="stmt"/>
      <line num="41" count="0" type="stmt"/>
    </file>
  </project>
</coverage>
