<?xml version="1.0" encoding="UTF-8"?>
<coverage generated="1643821248106" clover="3.2.0">
  <project timestamp="1643821248107" name="All files">
    <metrics statements="26" coveredstatements="13" conditionals="5" coveredconditionals="2" methods="8" coveredmethods="3" elements="39" coveredelements="18" complexity="0" loc="26" ncloc="26" packages="1" files="2" classes="2"/>
    <file name="comments.js" path="D:\Microverse\pokeDB\src\modules\comments.js">
      <metrics statements="15" coveredstatements="5" conditionals="4" coveredconditionals="2" methods="5" coveredmethods="1"/>
      <line num="2" count="0" type="stmt"/>
      <line num="18" count="1" type="stmt"/>
      <line num="19" count="0" type="stmt"/>
      <line num="20" count="0" type="cond" truecount="0" falsecount="2"/>
      <line num="21" count="0" type="stmt"/>
      <line num="23" count="0" type="stmt"/>
      <line num="24" count="0" type="stmt"/>
      <line num="29" count="1" type="stmt"/>
      <line num="30" count="3" type="cond" truecount="2" falsecount="0"/>
      <line num="31" count="2" type="stmt"/>
      <line num="35" count="1" type="stmt"/>
      <line num="36" count="0" type="stmt"/>
      <line num="39" count="0" type="stmt"/>
      <line num="40" count="0" type="stmt"/>
      <line num="41" count="0" type="stmt"/>
    </file>
    <file name="poke.js" path="D:\Microverse\pokeDB\src\modules\poke.js">
      <metrics statements="11" coveredstatements="8" conditionals="1" coveredconditionals="0" methods="3" coveredmethods="2"/>
      <line num="1" count="1" type="cond" truecount="0" falsecount="1"/>
      <line num="2" count="1" type="stmt"/>
      <line num="5" count="1" type="stmt"/>
      <line num="6" count="1" type="stmt"/>
      <line num="9" count="1" type="stmt"/>
      <line num="10" count="0" type="stmt"/>
      <line num="11" count="0" type="stmt"/>
      <line num="12" count="0" type="stmt"/>
      <line num="15" count="1" type="stmt"/>
      <line num="16" count="1" type="stmt"/>
      <line num="17" count="1" type="stmt"/>
    </file>
  </project>
</coverage>
